TN:
SF:src/TWAPPriceProvider.sol
DA:39,65
FN:39,TWAPPriceProvider.constructor
FNDA:65,TWAPPriceProvider.constructor
DA:40,65
DA:42,65
DA:43,65
DA:44,65
DA:46,65
DA:50,4
FN:50,TWAPPriceProvider.onlyAdmin
FNDA:4,TWAPPriceProvider.onlyAdmin
DA:51,4
BRDA:51,0,0,1
BRDA:51,0,1,3
DA:56,4
FN:56,TWAPPriceProvider.onlyPauser
FNDA:4,TWAPPriceProvider.onlyPauser
DA:57,4
BRDA:57,1,0,1
BRDA:57,1,1,5
DA:63,6
FN:63,TWAPPriceProvider.pause
FNDA:6,TWAPPriceProvider.pause
DA:64,5
DA:69,4
FN:69,TWAPPriceProvider.unpause
FNDA:4,TWAPPriceProvider.unpause
DA:70,3
DA:76,4
FN:76,TWAPPriceProvider.grantPauserRole
FNDA:4,TWAPPriceProvider.grantPauserRole
DA:77,3
BRDA:77,2,0,1
BRDA:77,2,1,2
DA:78,2
DA:84,4
FN:84,TWAPPriceProvider.revokePauserRole
FNDA:4,TWAPPriceProvider.revokePauserRole
DA:85,3
BRDA:85,3,0,1
BRDA:85,3,1,2
DA:86,2
DA:96,52
FN:96,TWAPPriceProvider.addTokenPair
FNDA:52,TWAPPriceProvider.addTokenPair
DA:97,50
BRDA:97,4,0,3
DA:98,3
DA:101,47
DA:103,1
BRDA:103,5,0,1
DA:104,1
DA:108,46
DA:109,46
BRDA:109,6,0,3
DA:110,3
DA:113,42
DA:115,42
DA:124,16
FN:124,TWAPPriceProvider.removeTokenPair
FNDA:16,TWAPPriceProvider.removeTokenPair
DA:125,15
DA:127,15
BRDA:127,7,0,1
DA:128,1
DA:131,14
DA:133,14
DA:146,30
FN:146,TWAPPriceProvider.getTwapPrice
FNDA:30,TWAPPriceProvider.getTwapPrice
DA:152,30
BRDA:152,8,0,2
DA:153,2
DA:156,30
BRDA:156,9,0,1
DA:157,1
DA:160,29
DA:162,29
BRDA:162,10,0,2
DA:163,2
DA:166,27
DA:169,27
DA:170,27
DA:171,27
DA:173,27
DA:176,27
DA:179,27
DA:184,27
DA:186,27
DA:196,35
FN:196,TWAPPriceProvider.isPairSupported
FNDA:35,TWAPPriceProvider.isPairSupported
DA:197,35
DA:198,35
DA:208,126
FN:208,TWAPPriceProvider._getPairId
FNDA:126,TWAPPriceProvider._getPairId
DA:210,126
BRDA:210,11,0,29
DA:211,29
DA:213,126
FNF:12
FNH:12
LF:61
LH:61
BRF:16
BRH:16
end_of_record
TN:
SF:src/UniswapV3Swapper.sol
DA:36,58
FN:36,UniswapV3Swapper.constructor
FNDA:58,UniswapV3Swapper.constructor
DA:37,58
DA:38,58
DA:40,58
DA:42,58
DA:43,58
DA:44,58
DA:46,58
DA:49,7
FN:49,UniswapV3Swapper.onlyAdmin
FNDA:7,UniswapV3Swapper.onlyAdmin
DA:50,7
BRDA:50,0,0,1
BRDA:50,0,1,2
DA:54,2
FN:54,UniswapV3Swapper.onlyPauser
FNDA:2,UniswapV3Swapper.onlyPauser
DA:55,2
BRDA:55,1,0,-
BRDA:55,1,1,6
DA:59,6
FN:59,UniswapV3Swapper.pause
FNDA:6,UniswapV3Swapper.pause
DA:60,6
DA:63,2
FN:63,UniswapV3Swapper.unpause
FNDA:2,UniswapV3Swapper.unpause
DA:64,1
DA:67,5
FN:67,UniswapV3Swapper.grantPauserRole
FNDA:5,UniswapV3Swapper.grantPauserRole
DA:68,4
BRDA:68,2,0,1
BRDA:68,2,1,3
DA:69,3
DA:72,3
FN:72,UniswapV3Swapper.revokePauserRole
FNDA:3,UniswapV3Swapper.revokePauserRole
DA:73,2
BRDA:73,3,0,1
BRDA:73,3,1,1
DA:74,1
DA:77,703
FN:77,UniswapV3Swapper.allowPair
FNDA:703,UniswapV3Swapper.allowPair
DA:78,702
BRDA:78,4,0,1
BRDA:78,4,1,701
DA:79,701
BRDA:79,5,0,1
BRDA:79,5,1,700
DA:81,700
DA:83,700
DA:86,7
FN:86,UniswapV3Swapper.revokePair
FNDA:7,UniswapV3Swapper.revokePair
DA:87,6
BRDA:87,6,0,1
BRDA:87,6,1,5
DA:88,5
BRDA:88,7,0,1
BRDA:88,7,1,4
DA:90,4
DA:92,4
DA:95,14
FN:95,UniswapV3Swapper.swapExactInputSingle
FNDA:14,UniswapV3Swapper.swapExactInputSingle
DA:103,13
BRDA:103,8,0,1
BRDA:103,8,1,12
DA:104,12
BRDA:104,9,0,2
BRDA:104,9,1,10
DA:105,10
BRDA:105,10,0,1
BRDA:105,10,1,9
DA:106,9
BRDA:106,11,0,1
BRDA:106,11,1,8
DA:107,8
BRDA:107,12,0,1
BRDA:107,12,1,7
DA:109,7
DA:110,7
DA:112,7
BRDA:112,13,0,2
BRDA:112,13,1,4
DA:113,2
BRDA:113,14,0,1
BRDA:113,14,1,1
DA:114,1
DA:116,5
BRDA:116,15,0,1
BRDA:116,15,1,4
DA:117,4
DA:120,5
DA:122,5
DA:133,5
DA:135,5
BRDA:135,16,0,1
BRDA:135,16,1,4
DA:138,4
BRDA:138,17,0,1
BRDA:138,17,1,1
DA:139,1
DA:140,1
DA:142,3
DA:145,4
DA:148,11
FN:148,UniswapV3Swapper.swapExactOutputSingle
FNDA:11,UniswapV3Swapper.swapExactOutputSingle
DA:156,10
BRDA:156,18,0,1
BRDA:156,18,1,9
DA:157,9
BRDA:157,19,0,1
BRDA:157,19,1,8
DA:158,8
BRDA:158,20,0,1
BRDA:158,20,1,7
DA:159,7
BRDA:159,21,0,1
BRDA:159,21,1,6
DA:160,6
BRDA:160,22,0,1
BRDA:160,22,1,5
DA:162,5
DA:163,5
DA:165,5
BRDA:165,23,0,2
BRDA:165,23,1,2
DA:167,2
BRDA:167,24,0,1
BRDA:167,24,1,1
DA:168,1
DA:171,3
BRDA:171,25,0,1
BRDA:171,25,1,2
DA:172,2
DA:176,3
DA:178,3
DA:189,3
DA:192,3
BRDA:192,26,0,3
DA:193,3
DA:195,3
DA:196,3
BRDA:196,27,0,1
BRDA:196,27,1,1
DA:198,1
DA:199,1
DA:202,2
DA:207,3
BRDA:207,28,0,1
BRDA:207,28,1,1
DA:208,1
DA:209,1
DA:212,2
DA:216,10
FN:216,UniswapV3Swapper.swapExactInputMultihop
FNDA:10,UniswapV3Swapper.swapExactInputMultihop
DA:223,9
DA:224,9
BRDA:224,29,0,1
BRDA:224,29,1,8
DA:225,8
BRDA:225,30,0,1
BRDA:225,30,1,7
DA:226,7
BRDA:226,31,0,1
BRDA:226,31,1,6
DA:227,6
BRDA:227,32,0,1
BRDA:227,32,1,5
DA:230,5
DA:231,8
BRDA:231,33,0,1
BRDA:231,33,1,7
DA:234,4
DA:235,4
DA:237,4
BRDA:237,34,0,1
BRDA:237,34,1,3
DA:238,1
BRDA:238,35,0,-
BRDA:238,35,1,1
DA:239,1
DA:241,3
BRDA:241,36,0,-
BRDA:241,36,1,3
DA:242,3
DA:245,3
DA:247,3
DA:249,3
DA:257,3
DA:259,3
BRDA:259,37,0,1
BRDA:259,37,1,2
DA:261,2
BRDA:261,38,0,-
BRDA:261,38,1,-
DA:262,0
DA:263,0
DA:265,2
DA:268,2
DA:271,0
FN:271,UniswapV3Swapper.swapExactOutputMultihop
FNDA:0,UniswapV3Swapper.swapExactOutputMultihop
DA:278,0
DA:279,0
BRDA:279,39,0,-
BRDA:279,39,1,-
DA:280,0
BRDA:280,40,0,-
BRDA:280,40,1,-
DA:281,0
BRDA:281,41,0,-
BRDA:281,41,1,-
DA:282,0
BRDA:282,42,0,-
BRDA:282,42,1,-
DA:285,0
DA:286,0
BRDA:286,43,0,-
BRDA:286,43,1,-
DA:289,0
DA:290,0
DA:292,0
BRDA:292,44,0,-
BRDA:292,44,1,-
DA:293,0
BRDA:293,45,0,-
BRDA:293,45,1,-
DA:294,0
DA:296,0
BRDA:296,46,0,-
BRDA:296,46,1,-
DA:299,0
DA:303,0
DA:305,0
DA:309,0
DA:318,0
DA:322,0
DA:325,0
BRDA:325,47,0,-
DA:326,0
DA:327,0
DA:328,0
BRDA:328,48,0,-
BRDA:328,48,1,-
DA:329,0
DA:330,0
DA:332,0
DA:337,0
BRDA:337,49,0,-
BRDA:337,49,1,-
DA:338,0
DA:339,0
DA:341,0
DA:344,0
DA:347,3
FN:347,UniswapV3Swapper._buildPath
FNDA:3,UniswapV3Swapper._buildPath
DA:352,3
BRDA:352,50,0,-
BRDA:352,50,1,3
DA:354,3
DA:356,3
DA:357,5
DA:361,3
DA:364,0
FN:364,UniswapV3Swapper._buildReversedPath
FNDA:0,UniswapV3Swapper._buildReversedPath
DA:369,0
BRDA:369,51,0,-
BRDA:369,51,1,-
DA:371,0
DA:372,0
DA:374,0
DA:375,0
DA:376,0
DA:377,0
DA:380,0
DA:384,0
FN:384,UniswapV3Swapper.uniswapV3SwapCallback
FNDA:0,UniswapV3Swapper.uniswapV3SwapCallback
DA:385,0
BRDA:385,52,0,-
BRDA:385,52,1,-
DA:388,0
DA:389,0
DA:392,0
DA:393,0
DA:395,0
BRDA:395,53,0,-
BRDA:395,53,1,-
DA:397,0
DA:398,0
DA:401,0
DA:402,0
DA:405,0
DA:408,0
FNF:16
FNH:13
LF:166
LH:110
BRF:106
BRH:73
end_of_record
TN:
SF:src/mocks/MockERC20.sol
DA:7,276
FN:7,MockERC20.constructor
FNDA:276,MockERC20.constructor
DA:8,276
DA:11,184
FN:11,MockERC20.mint
FNDA:184,MockERC20.mint
DA:12,184
FNF:2
FNH:2
LF:4
LH:4
BRF:0
BRH:0
end_of_record
TN:
SF:src/mocks/MockSwapRouter.sol
DA:16,0
FN:16,MockSwapRouter.setShouldRevert
FNDA:0,MockSwapRouter.setShouldRevert
DA:17,0
DA:20,0
FN:20,MockSwapRouter.setAmounts
FNDA:0,MockSwapRouter.setAmounts
DA:21,0
DA:22,0
DA:25,2
FN:25,MockSwapRouter.setAmountOut
FNDA:2,MockSwapRouter.setAmountOut
DA:26,2
DA:29,0
FN:29,MockSwapRouter.setAmountIn
FNDA:0,MockSwapRouter.setAmountIn
DA:30,0
DA:33,1
FN:33,MockSwapRouter.setFinalToken
FNDA:1,MockSwapRouter.setFinalToken
DA:34,1
DA:37,5
FN:37,MockSwapRouter.exactInputSingle
FNDA:5,MockSwapRouter.exactInputSingle
DA:43,0
BRDA:43,0,0,-
DA:47,5
DA:51,5
BRDA:51,1,0,5
DA:53,5
DA:54,0
BRDA:54,1,1,-
DA:56,0
DA:57,0
DA:60,5
DA:63,3
FN:63,MockSwapRouter.exactInput
FNDA:3,MockSwapRouter.exactInput
DA:64,0
BRDA:64,2,0,-
DA:67,3
DA:70,3
BRDA:70,3,0,3
DA:72,3
DA:73,0
BRDA:73,3,1,-
DA:75,0
DA:76,0
DA:79,3
DA:82,3
FN:82,MockSwapRouter.exactOutputSingle
FNDA:3,MockSwapRouter.exactOutputSingle
DA:88,0
BRDA:88,4,0,-
DA:92,3
DA:96,3
BRDA:96,5,0,3
DA:98,3
DA:99,0
BRDA:99,5,1,-
DA:101,0
DA:102,0
DA:105,3
DA:108,0
FN:108,MockSwapRouter.exactOutput
FNDA:0,MockSwapRouter.exactOutput
DA:109,0
BRDA:109,6,0,-
DA:112,0
DA:115,0
BRDA:115,7,0,-
DA:117,0
DA:118,0
BRDA:118,7,1,-
DA:120,0
DA:121,0
DA:124,0
DA:127,0
FN:127,MockSwapRouter.uniswapV3SwapCallback
FNDA:0,MockSwapRouter.uniswapV3SwapCallback
FNF:10
FNH:5
LF:48
LH:19
BRF:12
BRH:3
end_of_record
TN:
SF:src/mocks/MockUniswapV3Pool.sol
DA:12,54
FN:12,MockUniswapV3Pool.constructor
FNDA:54,MockUniswapV3Pool.constructor
DA:13,54
DA:14,54
DA:15,54
DA:16,54
DA:19,14
FN:19,MockUniswapV3Pool.observe
FNDA:14,MockUniswapV3Pool.observe
DA:25,14
DA:26,14
DA:29,14
DA:30,14
DA:32,14
DA:33,14
FNF:2
FNH:2
LF:12
LH:12
BRF:0
BRH:0
end_of_record
TN:
SF:src/mocks/MockWETH.sol
DA:8,3
FN:8,MockWETH.deposit
FNDA:3,MockWETH.deposit
DA:9,3
DA:12,3
FN:12,MockWETH.withdraw
FNDA:3,MockWETH.withdraw
DA:13,3
BRDA:13,0,0,-
BRDA:13,0,1,3
DA:14,3
DA:20,2
FN:20,MockWETH.transfer
FNDA:2,MockWETH.transfer
DA:21,2
BRDA:21,1,0,-
BRDA:21,1,1,2
DA:22,2
DA:23,2
DA:24,2
DA:27,2
FN:27,MockWETH.transferFrom
FNDA:2,MockWETH.transferFrom
DA:28,2
BRDA:28,2,0,-
BRDA:28,2,1,2
DA:29,2
BRDA:29,3,0,-
BRDA:29,3,1,2
DA:30,2
DA:31,2
DA:32,2
DA:33,2
DA:36,4
FN:36,MockWETH.approve
FNDA:4,MockWETH.approve
DA:37,4
DA:38,4
DA:41,2
FN:41,MockWETH.mint
FNDA:2,MockWETH.mint
DA:42,2
FNF:6
FNH:6
LF:22
LH:22
BRF:8
BRH:4
end_of_record
