TN:
SF:script/DeployTWAPPriceProvider.s.sol
DA:20,0
FN:20,DeployTWAPPriceProviderScript.run
FNDA:0,DeployTWAPPriceProviderScript.run
DA:21,0
DA:23,0
DA:25,0
DA:27,0
DA:29,0
DA:30,0
DA:37,0
FN:37,DeployTWAPPriceProviderScript.loadEnvVars
FNDA:0,DeployTWAPPriceProviderScript.loadEnvVars
DA:38,0
FNF:2
FNH:0
LF:9
LH:0
BRF:0
BRH:0
end_of_record
TN:
SF:script/DeployUniswapV3Swapper.s.sol
DA:25,0
FN:25,DeployUniswapV3SwapperScript.run
FNDA:0,DeployUniswapV3SwapperScript.run
DA:26,0
DA:28,0
DA:30,0
DA:32,0
DA:34,0
DA:35,0
DA:36,0
DA:37,0
DA:38,0
DA:49,0
FN:49,DeployUniswapV3SwapperScript.loadEnvVars
FNDA:0,DeployUniswapV3SwapperScript.loadEnvVars
DA:50,0
DA:51,0
DA:52,0
DA:53,0
DA:54,0
FNF:2
FNH:0
LF:16
LH:0
BRF:0
BRH:0
end_of_record
TN:
SF:script/EnvLoader.s.sol
DA:18,0
FN:18,EnvLoader.getEnvPrivateKey
FNDA:0,EnvLoader.getEnvPrivateKey
DA:19,0
BRDA:19,0,0,-
DA:20,0
BRDA:20,1,0,-
BRDA:20,1,1,-
DA:21,0
DA:22,0
BRDA:22,0,1,-
DA:23,0
DA:30,0
FN:30,EnvLoader.getEnvAddress
FNDA:0,EnvLoader.getEnvAddress
DA:31,0
BRDA:31,2,0,-
DA:32,0
BRDA:32,3,0,-
BRDA:32,3,1,-
DA:33,0
DA:34,0
BRDA:34,2,1,-
DA:35,0
DA:42,0
FN:42,EnvLoader.getEnvString
FNDA:0,EnvLoader.getEnvString
DA:43,0
BRDA:43,4,0,-
DA:44,0
BRDA:44,5,0,-
BRDA:44,5,1,-
DA:45,0
DA:46,0
BRDA:46,4,1,-
DA:47,0
FNF:3
FNH:0
LF:18
LH:0
BRF:12
BRH:0
end_of_record
TN:
SF:src/TWAPPriceProvider.sol
DA:34,0
FN:34,TWAPPriceProvider.constructor
FNDA:0,TWAPPriceProvider.constructor
DA:35,0
DA:37,0
DA:38,0
DA:39,0
DA:41,0
DA:48,0
FN:48,TWAPPriceProvider.onlyAdmin
FNDA:0,TWAPPriceProvider.onlyAdmin
DA:49,0
BRDA:49,0,0,-
BRDA:49,0,1,-
DA:57,0
FN:57,TWAPPriceProvider.onlyPauser
FNDA:0,TWAPPriceProvider.onlyPauser
DA:58,0
BRDA:58,1,0,-
BRDA:58,1,1,-
DA:66,0
FN:66,TWAPPriceProvider.pause
FNDA:0,TWAPPriceProvider.pause
DA:67,0
DA:74,0
FN:74,TWAPPriceProvider.unpause
FNDA:0,TWAPPriceProvider.unpause
DA:75,0
DA:85,0
FN:85,TWAPPriceProvider.grantPauserRole
FNDA:0,TWAPPriceProvider.grantPauserRole
DA:86,0
BRDA:86,2,0,-
BRDA:86,2,1,-
DA:87,0
DA:97,0
FN:97,TWAPPriceProvider.revokePauserRole
FNDA:0,TWAPPriceProvider.revokePauserRole
DA:98,0
BRDA:98,3,0,-
BRDA:98,3,1,-
DA:99,0
DA:109,0
FN:109,TWAPPriceProvider.addTokenPair
FNDA:0,TWAPPriceProvider.addTokenPair
DA:110,0
BRDA:110,4,0,-
BRDA:110,4,1,-
DA:111,0
BRDA:111,5,0,-
BRDA:111,5,1,-
DA:113,0
DA:114,0
BRDA:114,6,0,-
BRDA:114,6,1,-
DA:117,0
DA:118,0
BRDA:118,7,0,-
BRDA:118,7,1,-
DA:120,0
DA:122,0
DA:132,0
FN:132,TWAPPriceProvider.removeTokenPair
FNDA:0,TWAPPriceProvider.removeTokenPair
DA:133,0
DA:134,0
BRDA:134,8,0,-
BRDA:134,8,1,-
DA:136,0
DA:138,0
DA:152,0
FN:152,TWAPPriceProvider.getTwapPrice
FNDA:0,TWAPPriceProvider.getTwapPrice
DA:158,0
BRDA:158,9,0,-
BRDA:158,9,1,-
DA:159,0
BRDA:159,10,0,-
BRDA:159,10,1,-
DA:160,0
BRDA:160,11,0,-
BRDA:160,11,1,-
DA:162,0
DA:163,0
BRDA:163,12,0,-
BRDA:163,12,1,-
DA:166,0
DA:167,0
DA:168,0
BRDA:168,13,0,-
BRDA:168,13,1,-
DA:170,0
DA:172,0
DA:174,0
DA:176,0
DA:190,0
FN:190,TWAPPriceProvider.isPairSupported
FNDA:0,TWAPPriceProvider.isPairSupported
DA:196,0
DA:197,0
DA:210,0
FN:210,TWAPPriceProvider._getPairId
FNDA:0,TWAPPriceProvider._getPairId
DA:212,0
BRDA:212,14,0,-
DA:213,0
DA:215,0
FNF:12
FNH:0
LF:54
LH:0
BRF:29
BRH:0
end_of_record
TN:
SF:src/UniswapV3Swapper.sol
DA:38,0
FN:38,UniswapV3Swapper.constructor
FNDA:0,UniswapV3Swapper.constructor
DA:39,0
BRDA:39,0,0,-
BRDA:39,0,1,-
DA:40,0
BRDA:40,1,0,-
BRDA:40,1,1,-
DA:41,0
BRDA:41,2,0,-
BRDA:41,2,1,-
DA:43,0
DA:44,0
DA:45,0
DA:47,0
DA:48,0
DA:49,0
DA:50,0
DA:52,0
DA:55,0
FN:55,UniswapV3Swapper.onlyAdmin
FNDA:0,UniswapV3Swapper.onlyAdmin
DA:56,0
BRDA:56,3,0,-
BRDA:56,3,1,-
DA:60,0
FN:60,UniswapV3Swapper.onlyPauser
FNDA:0,UniswapV3Swapper.onlyPauser
DA:61,0
BRDA:61,4,0,-
BRDA:61,4,1,-
DA:65,0
FN:65,UniswapV3Swapper.notSelf
FNDA:0,UniswapV3Swapper.notSelf
DA:66,0
BRDA:66,5,0,-
BRDA:66,5,1,-
DA:73,0
FN:73,UniswapV3Swapper.pause
FNDA:0,UniswapV3Swapper.pause
DA:74,0
DA:80,0
FN:80,UniswapV3Swapper.unpause
FNDA:0,UniswapV3Swapper.unpause
DA:81,0
DA:88,0
FN:88,UniswapV3Swapper.grantPauserRole
FNDA:0,UniswapV3Swapper.grantPauserRole
DA:89,0
BRDA:89,6,0,-
BRDA:89,6,1,-
DA:90,0
DA:97,0
FN:97,UniswapV3Swapper.revokePauserRole
FNDA:0,UniswapV3Swapper.revokePauserRole
DA:98,0
BRDA:98,7,0,-
BRDA:98,7,1,-
DA:99,0
DA:106,0
FN:106,UniswapV3Swapper.revokeAdminRole
FNDA:0,UniswapV3Swapper.revokeAdminRole
DA:107,0
BRDA:107,8,0,-
BRDA:107,8,1,-
DA:108,0
DA:115,0
FN:115,UniswapV3Swapper.setTwapPeriod
FNDA:0,UniswapV3Swapper.setTwapPeriod
DA:116,0
DA:129,0
FN:129,UniswapV3Swapper.swapExactInputSingle
FNDA:0,UniswapV3Swapper.swapExactInputSingle
DA:137,0
BRDA:137,9,0,-
BRDA:137,9,1,-
DA:138,0
BRDA:138,10,0,-
BRDA:138,10,1,-
DA:139,0
BRDA:139,11,0,-
BRDA:139,11,1,-
DA:140,0
BRDA:140,12,0,-
BRDA:140,12,1,-
DA:142,0
DA:143,0
DA:144,0
DA:145,0
DA:147,0
BRDA:147,13,0,-
BRDA:147,13,1,-
DA:149,0
BRDA:149,14,0,-
DA:150,0
DA:153,0
DA:154,0
DA:156,0
DA:167,0
DA:169,0
DA:170,0
BRDA:170,15,0,-
BRDA:170,15,1,-
DA:172,0
DA:174,0
DA:187,0
FN:187,UniswapV3Swapper.swapExactOutputSingle
FNDA:0,UniswapV3Swapper.swapExactOutputSingle
DA:195,0
BRDA:195,16,0,-
BRDA:195,16,1,-
DA:196,0
BRDA:196,17,0,-
BRDA:196,17,1,-
DA:197,0
BRDA:197,18,0,-
BRDA:197,18,1,-
DA:198,0
BRDA:198,19,0,-
BRDA:198,19,1,-
DA:200,0
DA:201,0
DA:202,0
DA:203,0
DA:205,0
BRDA:205,20,0,-
BRDA:205,20,1,-
DA:207,0
BRDA:207,21,0,-
DA:208,0
DA:210,0
BRDA:210,22,0,-
BRDA:210,22,1,-
DA:212,0
DA:213,0
DA:215,0
DA:226,0
DA:228,0
DA:231,0
BRDA:231,23,0,-
DA:232,0
DA:236,0
DA:238,0
DA:250,0
FN:250,UniswapV3Swapper.swapExactInputMultihop
FNDA:0,UniswapV3Swapper.swapExactInputMultihop
DA:257,0
BRDA:257,24,0,-
BRDA:257,24,1,-
DA:258,0
BRDA:258,25,0,-
BRDA:258,25,1,-
DA:259,0
BRDA:259,26,0,-
BRDA:259,26,1,-
DA:260,0
BRDA:260,27,0,-
BRDA:260,27,1,-
DA:262,0
DA:263,0
BRDA:263,28,0,-
BRDA:263,28,1,-
DA:269,0
BRDA:269,29,0,-
DA:270,0
DA:275,0
DA:276,0
DA:278,0
DA:279,0
DA:281,0
DA:283,0
DA:291,0
DA:293,0
DA:296,0
BRDA:296,30,0,-
BRDA:296,30,1,-
DA:300,0
DA:301,0
DA:302,0
DA:305,0
DA:317,0
FN:317,UniswapV3Swapper.swapExactOutputMultihop
FNDA:0,UniswapV3Swapper.swapExactOutputMultihop
DA:324,0
BRDA:324,31,0,-
BRDA:324,31,1,-
DA:325,0
BRDA:325,32,0,-
BRDA:325,32,1,-
DA:326,0
BRDA:326,33,0,-
BRDA:326,33,1,-
DA:327,0
BRDA:327,34,0,-
BRDA:327,34,1,-
DA:330,0
DA:331,0
BRDA:331,35,0,-
BRDA:331,35,1,-
DA:338,0
BRDA:338,36,0,-
DA:339,0
DA:341,0
BRDA:341,37,0,-
BRDA:341,37,1,-
DA:345,0
DA:346,0
DA:348,0
DA:349,0
DA:351,0
DA:353,0
DA:361,0
DA:363,0
DA:366,0
BRDA:366,38,0,-
DA:367,0
DA:372,0
DA:373,0
DA:374,0
DA:377,0
DA:386,0
FN:386,UniswapV3Swapper._buildPath
FNDA:0,UniswapV3Swapper._buildPath
DA:391,0
BRDA:391,39,0,-
BRDA:391,39,1,-
DA:393,0
DA:395,0
DA:396,0
DA:400,0
DA:409,0
FN:409,UniswapV3Swapper._buildReversedPath
FNDA:0,UniswapV3Swapper._buildReversedPath
DA:414,0
BRDA:414,40,0,-
BRDA:414,40,1,-
DA:416,0
DA:417,0
DA:419,0
DA:420,0
DA:421,0
DA:422,0
DA:425,0
DA:435,0
FN:435,UniswapV3Swapper._twapMinOutMultihop
FNDA:0,UniswapV3Swapper._twapMinOutMultihop
DA:440,0
BRDA:440,41,0,-
BRDA:440,41,1,-
DA:441,0
BRDA:441,42,0,-
BRDA:441,42,1,-
DA:443,0
DA:444,0
DA:446,0
DA:447,0
BRDA:447,43,0,-
BRDA:447,43,1,-
DA:449,0
DA:454,0
DA:464,0
FN:464,UniswapV3Swapper._twapMaxInMultihop
FNDA:0,UniswapV3Swapper._twapMaxInMultihop
DA:469,0
BRDA:469,44,0,-
BRDA:469,44,1,-
DA:470,0
BRDA:470,45,0,-
BRDA:470,45,1,-
DA:472,0
DA:473,0
DA:475,0
DA:476,0
DA:477,0
BRDA:477,46,0,-
BRDA:477,46,1,-
DA:478,0
DA:487,0
DA:494,0
FN:494,UniswapV3Swapper._resolveTwapPeriod
FNDA:0,UniswapV3Swapper._resolveTwapPeriod
DA:495,0
DA:503,0
FN:503,UniswapV3Swapper._normalizeToken
FNDA:0,UniswapV3Swapper._normalizeToken
DA:504,0
DA:513,0
FN:513,UniswapV3Swapper._takeFunds
FNDA:0,UniswapV3Swapper._takeFunds
DA:514,0
BRDA:514,47,0,-
BRDA:514,47,1,-
DA:515,0
BRDA:515,48,0,-
BRDA:515,48,1,-
DA:516,0
DA:518,0
BRDA:518,49,0,-
BRDA:518,49,1,-
DA:519,0
DA:530,0
FN:530,UniswapV3Swapper._sendFunds
FNDA:0,UniswapV3Swapper._sendFunds
DA:531,0
BRDA:531,50,0,-
BRDA:531,50,1,-
DA:532,0
DA:533,0
DA:535,0
DA:544,0
FN:544,UniswapV3Swapper._approveToken
FNDA:0,UniswapV3Swapper._approveToken
DA:545,0
DA:556,0
FN:556,UniswapV3Swapper._twapMinOut
FNDA:0,UniswapV3Swapper._twapMinOut
DA:561,0
BRDA:561,51,0,-
BRDA:561,51,1,-
DA:562,0
DA:563,0
DA:564,0
DA:575,0
FN:575,UniswapV3Swapper._twapMaxIn
FNDA:0,UniswapV3Swapper._twapMaxIn
DA:580,0
BRDA:580,52,0,-
BRDA:580,52,1,-
DA:581,0
DA:588,0
FNF:25
FNH:0
LF:181
LH:0
BRF:100
BRH:0
end_of_record
TN:
SF:src/mocks/MockERC20.sol
DA:13,0
FN:13,MockERC20.constructor
FNDA:0,MockERC20.constructor
DA:14,0
DA:21,0
FN:21,MockERC20.mint
FNDA:0,MockERC20.mint
DA:22,0
FNF:2
FNH:0
LF:4
LH:0
BRF:0
BRH:0
end_of_record
TN:
SF:src/mocks/MockSwapRouter.sol
DA:23,0
FN:23,MockSwapRouter.setAmountOut
FNDA:0,MockSwapRouter.setAmountOut
DA:24,0
DA:29,0
FN:29,MockSwapRouter.setFinalToken
FNDA:0,MockSwapRouter.setFinalToken
DA:30,0
DA:33,0
FN:33,MockSwapRouter.exactInputSingle
FNDA:0,MockSwapRouter.exactInputSingle
DA:39,0
DA:40,0
DA:41,0
DA:44,0
FN:44,MockSwapRouter.exactInput
FNDA:0,MockSwapRouter.exactInput
DA:50,0
DA:51,0
DA:52,0
DA:53,0
DA:56,0
FN:56,MockSwapRouter.exactOutputSingle
FNDA:0,MockSwapRouter.exactOutputSingle
DA:62,0
DA:63,0
DA:64,0
DA:67,0
FN:67,MockSwapRouter.exactOutput
FNDA:0,MockSwapRouter.exactOutput
DA:73,0
DA:74,0
DA:75,0
DA:76,0
DA:79,0
FN:79,MockSwapRouter.uniswapV3SwapCallback
FNDA:0,MockSwapRouter.uniswapV3SwapCallback
FNF:7
FNH:0
LF:23
LH:0
BRF:0
BRH:0
end_of_record
TN:
SF:src/mocks/MockUniswapV3Pool.sol
DA:23,0
FN:23,MockUniswapV3Pool.constructor
FNDA:0,MockUniswapV3Pool.constructor
DA:24,0
DA:25,0
DA:26,0
DA:34,0
FN:34,MockUniswapV3Pool.observe
FNDA:0,MockUniswapV3Pool.observe
DA:39,0
BRDA:39,0,0,-
BRDA:39,0,1,-
DA:41,0
DA:42,0
DA:45,0
DA:46,0
DA:50,0
DA:51,0
FNF:2
FNH:0
LF:12
LH:0
BRF:2
BRH:0
end_of_record
TN:
SF:src/mocks/MockWETH.sol
DA:16,0
FN:16,MockWETH.deposit
FNDA:0,MockWETH.deposit
DA:17,0
DA:23,0
FN:23,MockWETH.withdraw
FNDA:0,MockWETH.withdraw
DA:24,0
BRDA:24,0,0,-
BRDA:24,0,1,-
DA:25,0
DA:32,0
FN:32,MockWETH.transfer
FNDA:0,MockWETH.transfer
DA:33,0
BRDA:33,1,0,-
BRDA:33,1,1,-
DA:34,0
DA:35,0
DA:36,0
DA:44,0
FN:44,MockWETH.transferFrom
FNDA:0,MockWETH.transferFrom
DA:45,0
BRDA:45,2,0,-
BRDA:45,2,1,-
DA:46,0
BRDA:46,3,0,-
BRDA:46,3,1,-
DA:47,0
DA:48,0
DA:49,0
DA:50,0
DA:57,0
FN:57,MockWETH.approve
FNDA:0,MockWETH.approve
DA:58,0
DA:59,0
DA:66,0
FN:66,MockWETH.mint
FNDA:0,MockWETH.mint
DA:67,0
FNF:6
FNH:0
LF:22
LH:0
BRF:8
BRH:0
end_of_record
TN:
SF:test/unit-tests/UniswapV3Swapper.t.sol
DA:16,0
FN:16,MockTWAPProvider.addSupportedPair
FNDA:0,MockTWAPProvider.addSupportedPair
DA:17,0
DA:18,0
DA:19,0
DA:22,0
FN:22,MockTWAPProvider.isPairSupported
FNDA:0,MockTWAPProvider.isPairSupported
DA:23,0
DA:24,0
DA:25,0
DA:29,0
FN:29,MockTWAPProvider.addTokenPair
FNDA:0,MockTWAPProvider.addTokenPair
DA:30,0
FN:30,MockTWAPProvider.removeTokenPair
FNDA:0,MockTWAPProvider.removeTokenPair
DA:32,0
FN:32,MockTWAPProvider.getTwapPrice
FNDA:0,MockTWAPProvider.getTwapPrice
DA:33,0
DA:36,0
FN:36,MockTWAPProvider.defaultTwapPeriod
FNDA:0,MockTWAPProvider.defaultTwapPeriod
DA:37,0
DA:40,0
FN:40,MockTWAPProvider.pause
FNDA:0,MockTWAPProvider.pause
DA:41,0
FN:41,MockTWAPProvider.unpause
FNDA:0,MockTWAPProvider.unpause
DA:42,0
FN:42,MockTWAPProvider.grantPauserRole
FNDA:0,MockTWAPProvider.grantPauserRole
DA:43,0
FN:43,MockTWAPProvider.revokePauserRole
FNDA:0,MockTWAPProvider.revokePauserRole
DA:61,0
FN:61,UniswapV3SwapperTest.setUp
FNDA:0,UniswapV3SwapperTest.setUp
FNF:11
FNH:0
LF:19
LH:0
BRF:0
BRH:0
end_of_record
